STEPからSolid Edgeに変換
日付: 水曜日,12月 02,2015 10:05午後
ソースファイル: D:\natto\base\PC4-M5M.stp
作成者: 不明
会社名: 不明
ソースシステム: UNIGRAPHICS

ハードウェア:
プロセッサ: Intel(R) Core(TM) i7-4710MQ CPU @ 2.50GHz
オペレーティングシステム: Windows 7 Professional Service Pack 1
インストールメモリ: 15.69 GB

ソフトウェア情報
Parasolidのバージョン: 28.0.143
PSBodyShopのバージョン: 28.0.80
ステップアダプタのバージョン: 1.0.820
Solid Edgeのバージョン: 108.00.00.091 x64

STEPのインポートオプション
ファセットボディのインポート: オン
チェックボディのインポート: オフ
曲線のインポート: オン
DoNotSaveのインポート: オン
複数のボディを単一パーツファイルとしてインポート: オン
ステッチ曲面のインポート: オン
ブーリアンソリッドのインポート: オン
ベースフィーチャにしたフィーチャ: オン
単純化した幾何形状: オン
インプリント曲線のインポート: オン
ドライブのインポート: C:
ステッチ曲面のインポート: オン
曲面のインポート: オン
出力パスのインポート: D:\natto\base
有効なデフォルト出力パスのインポート: オン
インポートパス: 

Parasolidデータタイプに変換しています...
変換処理は完了しました。
変換と変換後の処理に要した時間:00 : 00 : 02
